2025.05.02 12:26:52 INFO  Started: Metals version 1.5.2 in folders '/home/marko/Documents/GitHub/used-cars-data-analytics' for client Visual Studio Code 1.98.2.[0m
2025.05.02 12:26:53 WARN  no build tool detected in workspace '/home/marko/Documents/GitHub/used-cars-data-analytics'. The most common cause for this problem is that the editor was opened in the wrong working directory, for example if you use sbt then the workspace directory should contain build.sbt. [0m
2025.05.02 12:26:53 WARN  Build server is not auto-connectable.[0m
2025.05.02 12:38:05 WARN  no build target for: /home/marko/Documents/GitHub/used-cars-data-analytics/spark/scripts/analyzevehiclepricedistribution/src/main/scala/Main.scala[0m
2025.05.02 12:38:05 INFO  no build target found for /home/marko/Documents/GitHub/used-cars-data-analytics/spark/scripts/analyzevehiclepricedistribution/src/main/scala/Main.scala. Using presentation compiler with project's scala-library version: 3.3.5[0m
2025.05.02 12:38:05 INFO  no build target found for /home/marko/Documents/GitHub/used-cars-data-analytics/spark/scripts/analyzevehiclepricedistribution/src/main/scala/Main.scala. Using presentation compiler with project's scala-library version: 3.3.5[0m
2025.05.02 12:38:05 INFO  no build target found for /home/marko/Documents/GitHub/used-cars-data-analytics/spark/scripts/analyzevehiclepricedistribution/src/main/scala/Main.scala. Using presentation compiler with project's scala-library version: 3.3.5[0m
2025.05.02 12:38:06 INFO  no build target found for /home/marko/Documents/GitHub/used-cars-data-analytics/spark/scripts/analyzevehiclepricedistribution/src/main/scala/Main.scala. Using presentation compiler with project's scala-library version: 3.3.5[0m
2025.05.02 12:38:07 INFO  time: code lens generation in 1.34s[0m
2025.05.02 12:38:08 INFO  no build target found for /home/marko/Documents/GitHub/used-cars-data-analytics/spark/scripts/analyzevehiclepricedistribution/src/main/scala/Main.scala. Using presentation compiler with project's scala-library version: 3.3.5[0m
2025.05.02 12:38:13 INFO  no build target found for /home/marko/Documents/GitHub/used-cars-data-analytics/spark/scripts/analyzevehiclepricedistribution/src/main/scala/Main.scala. Using presentation compiler with project's scala-library version: 3.3.5[0m
2025.05.02 12:38:23 INFO  no build target found for /home/marko/Documents/GitHub/used-cars-data-analytics/spark/scripts/analyzevehiclepricedistribution/src/main/scala/Main.scala. Using presentation compiler with project's scala-library version: 3.3.5[0m
2025.05.02 12:38:23 INFO  no build target found for /home/marko/Documents/GitHub/used-cars-data-analytics/spark/scripts/analyzevehiclepricedistribution/src/main/scala/Main.scala. Using presentation compiler with project's scala-library version: 3.3.5[0m
2025.05.02 12:38:23 INFO  no build target found for /home/marko/Documents/GitHub/used-cars-data-analytics/spark/scripts/analyzevehiclepricedistribution/src/main/scala/Main.scala. Using presentation compiler with project's scala-library version: 3.3.5[0m
2025.05.02 12:38:23 INFO  no build target found for /home/marko/Documents/GitHub/used-cars-data-analytics/spark/scripts/analyzevehiclepricedistribution/src/main/scala/Main.scala. Using presentation compiler with project's scala-library version: 3.3.5[0m
2025.05.02 12:38:23 INFO  no build target found for /home/marko/Documents/GitHub/used-cars-data-analytics/spark/scripts/analyzevehiclepricedistribution/src/main/scala/Main.scala. Using presentation compiler with project's scala-library version: 3.3.5[0m
2025.05.02 12:38:24 INFO  no build target found for /home/marko/Documents/GitHub/used-cars-data-analytics/spark/scripts/analyzevehiclepricedistribution/src/main/scala/Main.scala. Using presentation compiler with project's scala-library version: 3.3.5[0m
May 02, 2025 12:38:25 PM scala.meta.internal.metals.StdReporter $anonfun$create$1
WARNING: empty definition using pc, found symbol in pc: `<none>`. (full report at: /home/marko/Documents/GitHub/used-cars-data-analytics/.metals/.reports/metals-full/2025-05-02/r_empty-definition_12-38-25-105.md)
2025.05.02 12:38:25 INFO  no build target found for /home/marko/Documents/GitHub/used-cars-data-analytics/spark/scripts/analyzevehiclepricedistribution/src/main/scala/Main.scala. Using presentation compiler with project's scala-library version: 3.3.5[0m
2025.05.02 12:38:28 INFO  no build target found for /home/marko/Documents/GitHub/used-cars-data-analytics/spark/scripts/analyzevehiclepricedistribution/src/main/scala/Main.scala. Using presentation compiler with project's scala-library version: 3.3.5[0m
2025.05.02 12:38:28 INFO  no build target found for /home/marko/Documents/GitHub/used-cars-data-analytics/spark/scripts/analyzevehiclepricedistribution/src/main/scala/Main.scala. Using presentation compiler with project's scala-library version: 3.3.5[0m
2025.05.02 12:42:35 INFO  no build target found for /home/marko/Documents/GitHub/used-cars-data-analytics/spark/scripts/analyzevehiclepricedistribution/src/main/scala/Main.scala. Using presentation compiler with project's scala-library version: 3.3.5[0m
2025.05.02 12:42:37 INFO  no build target found for /home/marko/Documents/GitHub/used-cars-data-analytics/spark/scripts/analyzevehiclepricedistribution/src/main/scala/Main.scala. Using presentation compiler with project's scala-library version: 3.3.5[0m
2025.05.02 12:45:04 INFO  no build target found for /home/marko/Documents/GitHub/used-cars-data-analytics/spark/scripts/analyzevehiclepricedistribution/src/main/scala/Main.scala. Using presentation compiler with project's scala-library version: 3.3.5[0m
2025.05.02 12:45:04 INFO  no build target found for /home/marko/Documents/GitHub/used-cars-data-analytics/spark/scripts/analyzevehiclepricedistribution/src/main/scala/Main.scala. Using presentation compiler with project's scala-library version: 3.3.5[0m
May 02, 2025 12:45:04 PM scala.meta.internal.metals.StdReporter $anonfun$create$1
WARNING: empty definition using pc, found symbol in pc: `<none>`. (full report at: /home/marko/Documents/GitHub/used-cars-data-analytics/.metals/.reports/metals-full/2025-05-02/r_empty-definition_12-38-25-105.md)
2025.05.02 12:45:04 INFO  no build target found for /home/marko/Documents/GitHub/used-cars-data-analytics/spark/scripts/analyzevehiclepricedistribution/src/main/scala/Main.scala. Using presentation compiler with project's scala-library version: 3.3.5[0m
2025.05.02 12:45:04 INFO  no build target found for /home/marko/Documents/GitHub/used-cars-data-analytics/spark/scripts/analyzevehiclepricedistribution/src/main/scala/Main.scala. Using presentation compiler with project's scala-library version: 3.3.5[0m
May 02, 2025 12:45:05 PM scala.meta.internal.metals.StdReporter $anonfun$create$1
WARNING: empty definition using pc, found symbol in pc: `<none>`. (full report at: /home/marko/Documents/GitHub/used-cars-data-analytics/.metals/.reports/metals-full/2025-05-02/r_empty-definition_12-38-25-105.md)
2025.05.02 12:45:05 INFO  no build target found for /home/marko/Documents/GitHub/used-cars-data-analytics/spark/scripts/analyzevehiclepricedistribution/src/main/scala/Main.scala. Using presentation compiler with project's scala-library version: 3.3.5[0m
2025.05.02 12:45:06 INFO  no build target found for /home/marko/Documents/GitHub/used-cars-data-analytics/spark/scripts/analyzevehiclepricedistribution/src/main/scala/Main.scala. Using presentation compiler with project's scala-library version: 3.3.5[0m
2025.05.02 12:45:06 INFO  no build target found for /home/marko/Documents/GitHub/used-cars-data-analytics/spark/scripts/analyzevehiclepricedistribution/src/main/scala/Main.scala. Using presentation compiler with project's scala-library version: 3.3.5[0m
2025.05.02 12:45:06 INFO  no build target found for /home/marko/Documents/GitHub/used-cars-data-analytics/spark/scripts/analyzevehiclepricedistribution/src/main/scala/Main.scala. Using presentation compiler with project's scala-library version: 3.3.5[0m
2025.05.02 12:45:06 INFO  no build target found for /home/marko/Documents/GitHub/used-cars-data-analytics/spark/scripts/analyzevehiclepricedistribution/src/main/scala/Main.scala. Using presentation compiler with project's scala-library version: 3.3.5[0m
2025.05.02 12:45:08 INFO  no build target found for /home/marko/Documents/GitHub/used-cars-data-analytics/spark/scripts/analyzevehiclepricedistribution/src/main/scala/Main.scala. Using presentation compiler with project's scala-library version: 3.3.5[0m
2025.05.02 12:45:08 INFO  no build target found for /home/marko/Documents/GitHub/used-cars-data-analytics/spark/scripts/analyzevehiclepricedistribution/src/main/scala/Main.scala. Using presentation compiler with project's scala-library version: 3.3.5[0m
2025.05.02 12:45:12 INFO  no build target found for /home/marko/Documents/GitHub/used-cars-data-analytics/spark/scripts/analyzevehiclepricedistribution/src/main/scala/Main.scala. Using presentation compiler with project's scala-library version: 3.3.5[0m
2025.05.02 12:45:44 INFO  no build target found for /home/marko/Documents/GitHub/used-cars-data-analytics/spark/scripts/analyzevehiclepricedistribution/src/main/scala/Main.scala. Using presentation compiler with project's scala-library version: 3.3.5[0m
2025.05.02 12:45:44 INFO  no build target found for /home/marko/Documents/GitHub/used-cars-data-analytics/spark/scripts/analyzevehiclepricedistribution/src/main/scala/Main.scala. Using presentation compiler with project's scala-library version: 3.3.5[0m
2025.05.02 12:45:44 INFO  no build target found for /home/marko/Documents/GitHub/used-cars-data-analytics/spark/scripts/analyzevehiclepricedistribution/src/main/scala/Main.scala. Using presentation compiler with project's scala-library version: 3.3.5[0m
2025.05.02 12:45:46 INFO  no build target found for /home/marko/Documents/GitHub/used-cars-data-analytics/spark/scripts/analyzevehiclepricedistribution/src/main/scala/Main.scala. Using presentation compiler with project's scala-library version: 3.3.5[0m
2025.05.02 12:45:46 INFO  no build target found for /home/marko/Documents/GitHub/used-cars-data-analytics/spark/scripts/analyzevehiclepricedistribution/src/main/scala/Main.scala. Using presentation compiler with project's scala-library version: 3.3.5[0m
2025.05.02 12:45:47 INFO  no build target found for /home/marko/Documents/GitHub/used-cars-data-analytics/spark/scripts/analyzevehiclepricedistribution/src/main/scala/Main.scala. Using presentation compiler with project's scala-library version: 3.3.5[0m
2025.05.02 12:45:47 INFO  no build target found for /home/marko/Documents/GitHub/used-cars-data-analytics/spark/scripts/analyzevehiclepricedistribution/src/main/scala/Main.scala. Using presentation compiler with project's scala-library version: 3.3.5[0m
2025.05.02 12:45:47 INFO  no build target found for /home/marko/Documents/GitHub/used-cars-data-analytics/spark/scripts/analyzevehiclepricedistribution/src/main/scala/Main.scala. Using presentation compiler with project's scala-library version: 3.3.5[0m
2025.05.02 12:45:47 INFO  no build target found for /home/marko/Documents/GitHub/used-cars-data-analytics/spark/scripts/analyzevehiclepricedistribution/src/main/scala/Main.scala. Using presentation compiler with project's scala-library version: 3.3.5[0m
2025.05.02 12:45:47 INFO  no build target found for /home/marko/Documents/GitHub/used-cars-data-analytics/spark/scripts/analyzevehiclepricedistribution/src/main/scala/Main.scala. Using presentation compiler with project's scala-library version: 3.3.5[0m
2025.05.02 12:45:47 INFO  no build target found for /home/marko/Documents/GitHub/used-cars-data-analytics/spark/scripts/analyzevehiclepricedistribution/src/main/scala/Main.scala. Using presentation compiler with project's scala-library version: 3.3.5[0m
2025.05.02 12:45:47 INFO  no build target found for /home/marko/Documents/GitHub/used-cars-data-analytics/spark/scripts/analyzevehiclepricedistribution/src/main/scala/Main.scala. Using presentation compiler with project's scala-library version: 3.3.5[0m
2025.05.02 12:45:48 INFO  no build target found for /home/marko/Documents/GitHub/used-cars-data-analytics/spark/scripts/analyzevehiclepricedistribution/src/main/scala/Main.scala. Using presentation compiler with project's scala-library version: 3.3.5[0m
2025.05.02 12:45:48 INFO  no build target found for /home/marko/Documents/GitHub/used-cars-data-analytics/spark/scripts/analyzevehiclepricedistribution/src/main/scala/Main.scala. Using presentation compiler with project's scala-library version: 3.3.5[0m
2025.05.02 12:45:48 INFO  no build target found for /home/marko/Documents/GitHub/used-cars-data-analytics/spark/scripts/analyzevehiclepricedistribution/src/main/scala/Main.scala. Using presentation compiler with project's scala-library version: 3.3.5[0m
2025.05.02 12:45:48 INFO  no build target found for /home/marko/Documents/GitHub/used-cars-data-analytics/spark/scripts/analyzevehiclepricedistribution/src/main/scala/Main.scala. Using presentation compiler with project's scala-library version: 3.3.5[0m
2025.05.02 12:45:50 INFO  no build target found for /home/marko/Documents/GitHub/used-cars-data-analytics/spark/scripts/analyzevehiclepricedistribution/src/main/scala/Main.scala. Using presentation compiler with project's scala-library version: 3.3.5[0m
May 02, 2025 12:45:50 PM scala.meta.internal.metals.StdReporter $anonfun$create$1
WARNING: empty definition using pc, found symbol in pc: `<none>`. (full report at: /home/marko/Documents/GitHub/used-cars-data-analytics/.metals/.reports/metals-full/2025-05-02/r_empty-definition_12-38-25-105.md)
2025.05.02 12:45:50 INFO  no build target found for /home/marko/Documents/GitHub/used-cars-data-analytics/spark/scripts/analyzevehiclepricedistribution/src/main/scala/Main.scala. Using presentation compiler with project's scala-library version: 3.3.5[0m
2025.05.02 12:45:50 INFO  no build target found for /home/marko/Documents/GitHub/used-cars-data-analytics/spark/scripts/analyzevehiclepricedistribution/src/main/scala/Main.scala. Using presentation compiler with project's scala-library version: 3.3.5[0m
May 02, 2025 12:45:50 PM scala.meta.internal.metals.StdReporter $anonfun$create$1
WARNING: empty definition using pc, found symbol in pc: `<none>`. (full report at: /home/marko/Documents/GitHub/used-cars-data-analytics/.metals/.reports/metals-full/2025-05-02/r_empty-definition_12-38-25-105.md)
2025.05.02 12:45:50 INFO  no build target found for /home/marko/Documents/GitHub/used-cars-data-analytics/spark/scripts/analyzevehiclepricedistribution/src/main/scala/Main.scala. Using presentation compiler with project's scala-library version: 3.3.5[0m
May 02, 2025 12:45:50 PM scala.meta.internal.metals.StdReporter $anonfun$create$1
WARNING: empty definition using pc, found symbol in pc: `<none>`. (full report at: /home/marko/Documents/GitHub/used-cars-data-analytics/.metals/.reports/metals-full/2025-05-02/r_empty-definition_12-38-25-105.md)
2025.05.02 12:45:50 INFO  no build target found for /home/marko/Documents/GitHub/used-cars-data-analytics/spark/scripts/analyzevehiclepricedistribution/src/main/scala/Main.scala. Using presentation compiler with project's scala-library version: 3.3.5[0m
2025.05.02 12:45:50 INFO  no build target found for /home/marko/Documents/GitHub/used-cars-data-analytics/spark/scripts/analyzevehiclepricedistribution/src/main/scala/Main.scala. Using presentation compiler with project's scala-library version: 3.3.5[0m
2025.05.02 12:45:51 INFO  no build target found for /home/marko/Documents/GitHub/used-cars-data-analytics/spark/scripts/analyzevehiclepricedistribution/src/main/scala/Main.scala. Using presentation compiler with project's scala-library version: 3.3.5[0m
2025.05.02 12:45:51 INFO  no build target found for /home/marko/Documents/GitHub/used-cars-data-analytics/spark/scripts/analyzevehiclepricedistribution/src/main/scala/Main.scala. Using presentation compiler with project's scala-library version: 3.3.5[0m
May 02, 2025 12:45:51 PM scala.meta.internal.metals.StdReporter $anonfun$create$1
WARNING: empty definition using pc, found symbol in pc: `<none>`. (full report at: /home/marko/Documents/GitHub/used-cars-data-analytics/.metals/.reports/metals-full/2025-05-02/r_empty-definition_12-38-25-105.md)
2025.05.02 12:45:51 INFO  no build target found for /home/marko/Documents/GitHub/used-cars-data-analytics/spark/scripts/analyzevehiclepricedistribution/src/main/scala/Main.scala. Using presentation compiler with project's scala-library version: 3.3.5[0m
2025.05.02 12:45:51 INFO  no build target found for /home/marko/Documents/GitHub/used-cars-data-analytics/spark/scripts/analyzevehiclepricedistribution/src/main/scala/Main.scala. Using presentation compiler with project's scala-library version: 3.3.5[0m
2025.05.02 12:45:51 INFO  no build target found for /home/marko/Documents/GitHub/used-cars-data-analytics/spark/scripts/analyzevehiclepricedistribution/src/main/scala/Main.scala. Using presentation compiler with project's scala-library version: 3.3.5[0m
2025.05.02 12:45:51 INFO  no build target found for /home/marko/Documents/GitHub/used-cars-data-analytics/spark/scripts/analyzevehiclepricedistribution/src/main/scala/Main.scala. Using presentation compiler with project's scala-library version: 3.3.5[0m
2025.05.02 12:45:51 INFO  no build target found for /home/marko/Documents/GitHub/used-cars-data-analytics/spark/scripts/analyzevehiclepricedistribution/src/main/scala/Main.scala. Using presentation compiler with project's scala-library version: 3.3.5[0m
2025.05.02 12:45:53 INFO  no build target found for /home/marko/Documents/GitHub/used-cars-data-analytics/spark/scripts/analyzevehiclepricedistribution/src/main/scala/Main.scala. Using presentation compiler with project's scala-library version: 3.3.5[0m
2025.05.02 12:45:54 INFO  no build target found for /home/marko/Documents/GitHub/used-cars-data-analytics/spark/scripts/analyzevehiclepricedistribution/src/main/scala/Main.scala. Using presentation compiler with project's scala-library version: 3.3.5[0m
2025.05.02 12:45:54 INFO  no build target found for /home/marko/Documents/GitHub/used-cars-data-analytics/spark/scripts/analyzevehiclepricedistribution/src/main/scala/Main.scala. Using presentation compiler with project's scala-library version: 3.3.5[0m
2025.05.02 12:45:54 INFO  no build target found for /home/marko/Documents/GitHub/used-cars-data-analytics/spark/scripts/analyzevehiclepricedistribution/src/main/scala/Main.scala. Using presentation compiler with project's scala-library version: 3.3.5[0m
2025.05.02 12:45:54 INFO  no build target found for /home/marko/Documents/GitHub/used-cars-data-analytics/spark/scripts/analyzevehiclepricedistribution/src/main/scala/Main.scala. Using presentation compiler with project's scala-library version: 3.3.5[0m
2025.05.02 12:45:54 INFO  no build target found for /home/marko/Documents/GitHub/used-cars-data-analytics/spark/scripts/analyzevehiclepricedistribution/src/main/scala/Main.scala. Using presentation compiler with project's scala-library version: 3.3.5[0m
2025.05.02 12:45:54 INFO  no build target found for /home/marko/Documents/GitHub/used-cars-data-analytics/spark/scripts/analyzevehiclepricedistribution/src/main/scala/Main.scala. Using presentation compiler with project's scala-library version: 3.3.5[0m
2025.05.02 12:45:56 INFO  no build target found for /home/marko/Documents/GitHub/used-cars-data-analytics/spark/scripts/analyzevehiclepricedistribution/src/main/scala/Main.scala. Using presentation compiler with project's scala-library version: 3.3.5[0m
2025.05.02 12:45:56 INFO  no build target found for /home/marko/Documents/GitHub/used-cars-data-analytics/spark/scripts/analyzevehiclepricedistribution/src/main/scala/Main.scala. Using presentation compiler with project's scala-library version: 3.3.5[0m
2025.05.02 12:45:58 INFO  no build target found for /home/marko/Documents/GitHub/used-cars-data-analytics/spark/scripts/analyzevehiclepricedistribution/src/main/scala/Main.scala. Using presentation compiler with project's scala-library version: 3.3.5[0m
2025.05.02 12:46:08 INFO  no build target found for /home/marko/Documents/GitHub/used-cars-data-analytics/spark/scripts/analyzevehiclepricedistribution/src/main/scala/Main.scala. Using presentation compiler with project's scala-library version: 3.3.5[0m
2025.05.02 12:46:09 INFO  no build target found for /home/marko/Documents/GitHub/used-cars-data-analytics/spark/scripts/analyzevehiclepricedistribution/src/main/scala/Main.scala. Using presentation compiler with project's scala-library version: 3.3.5[0m
2025.05.02 12:46:10 INFO  no build target found for /home/marko/Documents/GitHub/used-cars-data-analytics/spark/scripts/analyzevehiclepricedistribution/src/main/scala/Main.scala. Using presentation compiler with project's scala-library version: 3.3.5[0m
2025.05.02 12:46:10 INFO  no build target found for /home/marko/Documents/GitHub/used-cars-data-analytics/spark/scripts/analyzevehiclepricedistribution/src/main/scala/Main.scala. Using presentation compiler with project's scala-library version: 3.3.5[0m
2025.05.02 12:46:13 INFO  no build target found for /home/marko/Documents/GitHub/used-cars-data-analytics/spark/scripts/analyzevehiclepricedistribution/src/main/scala/Main.scala. Using presentation compiler with project's scala-library version: 3.3.5[0m
2025.05.02 12:46:13 INFO  no build target found for /home/marko/Documents/GitHub/used-cars-data-analytics/spark/scripts/analyzevehiclepricedistribution/src/main/scala/Main.scala. Using presentation compiler with project's scala-library version: 3.3.5[0m
2025.05.02 12:46:13 INFO  no build target found for /home/marko/Documents/GitHub/used-cars-data-analytics/spark/scripts/analyzevehiclepricedistribution/src/main/scala/Main.scala. Using presentation compiler with project's scala-library version: 3.3.5[0m
2025.05.02 12:46:13 INFO  no build target found for /home/marko/Documents/GitHub/used-cars-data-analytics/spark/scripts/analyzevehiclepricedistribution/src/main/scala/Main.scala. Using presentation compiler with project's scala-library version: 3.3.5[0m
2025.05.02 12:46:25 INFO  no build target found for /home/marko/Documents/GitHub/used-cars-data-analytics/spark/scripts/analyzevehiclepricedistribution/src/main/scala/Main.scala. Using presentation compiler with project's scala-library version: 3.3.5[0m
2025.05.02 12:46:39 INFO  no build target found for /home/marko/Documents/GitHub/used-cars-data-analytics/spark/scripts/analyzevehiclepricedistribution/src/main/scala/Main.scala. Using presentation compiler with project's scala-library version: 3.3.5[0m
2025.05.02 12:46:40 INFO  no build target found for /home/marko/Documents/GitHub/used-cars-data-analytics/spark/scripts/analyzevehiclepricedistribution/src/main/scala/Main.scala. Using presentation compiler with project's scala-library version: 3.3.5[0m
2025.05.02 12:46:40 INFO  no build target found for /home/marko/Documents/GitHub/used-cars-data-analytics/spark/scripts/analyzevehiclepricedistribution/src/main/scala/Main.scala. Using presentation compiler with project's scala-library version: 3.3.5[0m
2025.05.02 12:47:11 INFO  no build target found for /home/marko/Documents/GitHub/used-cars-data-analytics/spark/scripts/analyzevehiclepricedistribution/src/main/scala/Main.scala. Using presentation compiler with project's scala-library version: 3.3.5[0m
2025.05.02 12:47:11 INFO  no build target found for /home/marko/Documents/GitHub/used-cars-data-analytics/spark/scripts/analyzevehiclepricedistribution/src/main/scala/Main.scala. Using presentation compiler with project's scala-library version: 3.3.5[0m
2025.05.02 12:47:13 INFO  no build target found for /home/marko/Documents/GitHub/used-cars-data-analytics/spark/scripts/analyzevehiclepricedistribution/src/main/scala/Main.scala. Using presentation compiler with project's scala-library version: 3.3.5[0m
2025.05.02 12:47:13 INFO  no build target found for /home/marko/Documents/GitHub/used-cars-data-analytics/spark/scripts/analyzevehiclepricedistribution/src/main/scala/Main.scala. Using presentation compiler with project's scala-library version: 3.3.5[0m
2025.05.02 12:47:15 INFO  no build target found for /home/marko/Documents/GitHub/used-cars-data-analytics/spark/scripts/analyzevehiclepricedistribution/src/main/scala/Main.scala. Using presentation compiler with project's scala-library version: 3.3.5[0m
2025.05.02 12:47:15 INFO  no build target found for /home/marko/Documents/GitHub/used-cars-data-analytics/spark/scripts/analyzevehiclepricedistribution/src/main/scala/Main.scala. Using presentation compiler with project's scala-library version: 3.3.5[0m
2025.05.02 12:47:15 INFO  no build target found for /home/marko/Documents/GitHub/used-cars-data-analytics/spark/scripts/analyzevehiclepricedistribution/src/main/scala/Main.scala. Using presentation compiler with project's scala-library version: 3.3.5[0m
2025.05.02 12:47:16 INFO  no build target found for /home/marko/Documents/GitHub/used-cars-data-analytics/spark/scripts/analyzevehiclepricedistribution/src/main/scala/Main.scala. Using presentation compiler with project's scala-library version: 3.3.5[0m
2025.05.02 12:47:16 INFO  no build target found for /home/marko/Documents/GitHub/used-cars-data-analytics/spark/scripts/analyzevehiclepricedistribution/src/main/scala/Main.scala. Using presentation compiler with project's scala-library version: 3.3.5[0m
2025.05.02 12:47:16 INFO  no build target found for /home/marko/Documents/GitHub/used-cars-data-analytics/spark/scripts/analyzevehiclepricedistribution/src/main/scala/Main.scala. Using presentation compiler with project's scala-library version: 3.3.5[0m
2025.05.02 12:47:16 INFO  no build target found for /home/marko/Documents/GitHub/used-cars-data-analytics/spark/scripts/analyzevehiclepricedistribution/src/main/scala/Main.scala. Using presentation compiler with project's scala-library version: 3.3.5[0m
2025.05.02 12:47:17 INFO  no build target found for /home/marko/Documents/GitHub/used-cars-data-analytics/spark/scripts/analyzevehiclepricedistribution/src/main/scala/Main.scala. Using presentation compiler with project's scala-library version: 3.3.5[0m
2025.05.02 12:47:17 INFO  no build target found for /home/marko/Documents/GitHub/used-cars-data-analytics/spark/scripts/analyzevehiclepricedistribution/src/main/scala/Main.scala. Using presentation compiler with project's scala-library version: 3.3.5[0m
2025.05.02 12:48:32 INFO  no build target found for /home/marko/Documents/GitHub/used-cars-data-analytics/spark/scripts/analyzevehiclepricedistribution/src/main/scala/Main.scala. Using presentation compiler with project's scala-library version: 3.3.5[0m
2025.05.02 12:48:32 INFO  no build target found for /home/marko/Documents/GitHub/used-cars-data-analytics/spark/scripts/analyzevehiclepricedistribution/src/main/scala/Main.scala. Using presentation compiler with project's scala-library version: 3.3.5[0m
2025.05.02 12:48:34 WARN  no build target for: /home/marko/Documents/GitHub/used-cars-data-analytics/spark/scripts/analyzevehiclepricedistribution/src/main/scala/Main.scala[0m
2025.05.02 12:48:34 INFO  no build target found for /home/marko/Documents/GitHub/used-cars-data-analytics/spark/scripts/analyzevehiclepricedistribution/src/main/scala/Main.scala. Using presentation compiler with project's scala-library version: 3.3.5[0m
2025.05.02 12:48:34 INFO  no build target found for /home/marko/Documents/GitHub/used-cars-data-analytics/spark/scripts/analyzevehiclepricedistribution/src/main/scala/Main.scala. Using presentation compiler with project's scala-library version: 3.3.5[0m
2025.05.02 12:48:34 INFO  no build target found for /home/marko/Documents/GitHub/used-cars-data-analytics/spark/scripts/analyzevehiclepricedistribution/src/main/scala/Main.scala. Using presentation compiler with project's scala-library version: 3.3.5[0m
May 02, 2025 12:48:35 PM scala.meta.internal.metals.StdReporter $anonfun$create$1
WARNING: empty definition using pc, found symbol in pc: `<none>`. (full report at: /home/marko/Documents/GitHub/used-cars-data-analytics/.metals/.reports/metals-full/2025-05-02/r_empty-definition_12-38-25-105.md)
2025.05.02 12:49:17 INFO  no build target found for /home/marko/Documents/GitHub/used-cars-data-analytics/spark/scripts/analyzevehiclepricedistribution/src/main/scala/Main.scala. Using presentation compiler with project's scala-library version: 3.3.5[0m
2025.05.02 12:49:17 INFO  no build target found for /home/marko/Documents/GitHub/used-cars-data-analytics/spark/scripts/analyzevehiclepricedistribution/src/main/scala/Main.scala. Using presentation compiler with project's scala-library version: 3.3.5[0m
2025.05.02 12:49:17 INFO  no build target found for /home/marko/Documents/GitHub/used-cars-data-analytics/spark/scripts/analyzevehiclepricedistribution/src/main/scala/Main.scala. Using presentation compiler with project's scala-library version: 3.3.5[0m
2025.05.02 13:17:36 INFO  no build target found for /home/marko/Documents/GitHub/used-cars-data-analytics/spark/scripts/analyzevehiclepricedistribution/src/main/scala/Main.scala. Using presentation compiler with project's scala-library version: 3.3.5[0m
May 02, 2025 1:20:14 PM org.eclipse.lsp4j.jsonrpc.services.GenericEndpoint notify
INFO: Unsupported notification method: $/setTrace
2025.05.02 13:28:22 WARN  no build target for: /home/marko/Documents/GitHub/used-cars-data-analytics/spark/scripts/analyzevehiclepricedistribution/src/main/scala/Main.scala[0m
2025.05.02 13:28:22 INFO  no build target found for /home/marko/Documents/GitHub/used-cars-data-analytics/spark/scripts/analyzevehiclepricedistribution/src/main/scala/Main.scala. Using presentation compiler with project's scala-library version: 3.3.5[0m
2025.05.02 13:28:22 INFO  no build target found for /home/marko/Documents/GitHub/used-cars-data-analytics/spark/scripts/analyzevehiclepricedistribution/src/main/scala/Main.scala. Using presentation compiler with project's scala-library version: 3.3.5[0m
2025.05.02 13:28:22 INFO  no build target found for /home/marko/Documents/GitHub/used-cars-data-analytics/spark/scripts/analyzevehiclepricedistribution/src/main/scala/Main.scala. Using presentation compiler with project's scala-library version: 3.3.5[0m
2025.05.02 13:28:22 INFO  no build target found for /home/marko/Documents/GitHub/used-cars-data-analytics/spark/scripts/analyzevehiclepricedistribution/src/main/scala/Main.scala. Using presentation compiler with project's scala-library version: 3.3.5[0m
2025.05.02 13:28:24 INFO  no build target found for /home/marko/Documents/GitHub/used-cars-data-analytics/spark/scripts/analyzevehiclepricedistribution/src/main/scala/Main.scala. Using presentation compiler with project's scala-library version: 3.3.5[0m
2025.05.02 13:28:24 INFO  no build target found for /home/marko/Documents/GitHub/used-cars-data-analytics/spark/scripts/analyzevehiclepricedistribution/src/main/scala/Main.scala. Using presentation compiler with project's scala-library version: 3.3.5[0m
2025.05.02 13:28:25 INFO  no build target found for /home/marko/Documents/GitHub/used-cars-data-analytics/spark/scripts/analyzevehiclepricedistribution/src/main/scala/Main.scala. Using presentation compiler with project's scala-library version: 3.3.5[0m
2025.05.02 13:28:25 INFO  no build target found for /home/marko/Documents/GitHub/used-cars-data-analytics/spark/scripts/analyzevehiclepricedistribution/src/main/scala/Main.scala. Using presentation compiler with project's scala-library version: 3.3.5[0m
May 02, 2025 1:28:25 PM org.eclipse.lsp4j.jsonrpc.RemoteEndpoint handleCancellation
WARNING: Unmatched cancel notification for request id 177
2025.05.02 13:28:25 INFO  no build target found for /home/marko/Documents/GitHub/used-cars-data-analytics/spark/scripts/analyzevehiclepricedistribution/src/main/scala/Main.scala. Using presentation compiler with project's scala-library version: 3.3.5[0m
2025.05.02 13:28:27 INFO  no build target found for /home/marko/Documents/GitHub/used-cars-data-analytics/spark/scripts/analyzevehiclepricedistribution/src/main/scala/Main.scala. Using presentation compiler with project's scala-library version: 3.3.5[0m
2025.05.02 13:28:40 INFO  no build target found for /home/marko/Documents/GitHub/used-cars-data-analytics/spark/scripts/analyzevehiclepricedistribution/src/main/scala/Main.scala. Using presentation compiler with project's scala-library version: 3.3.5[0m
2025.05.02 13:28:40 INFO  no build target found for /home/marko/Documents/GitHub/used-cars-data-analytics/spark/scripts/analyzevehiclepricedistribution/src/main/scala/Main.scala. Using presentation compiler with project's scala-library version: 3.3.5[0m
2025.05.02 13:28:42 INFO  no build target found for /home/marko/Documents/GitHub/used-cars-data-analytics/spark/scripts/analyzevehiclepricedistribution/src/main/scala/Main.scala. Using presentation compiler with project's scala-library version: 3.3.5[0m
2025.05.02 13:29:30 INFO  no build target found for /home/marko/Documents/GitHub/used-cars-data-analytics/spark/scripts/analyzevehiclepricedistribution/src/main/scala/Main.scala. Using presentation compiler with project's scala-library version: 3.3.5[0m
2025.05.02 13:29:46 WARN  no build target for: /home/marko/Documents/GitHub/used-cars-data-analytics/spark/scripts/analyzevehiclepricedistribution/src/main/scala/Main.scala[0m
2025.05.02 13:29:46 INFO  no build target found for /home/marko/Documents/GitHub/used-cars-data-analytics/spark/scripts/analyzevehiclepricedistribution/src/main/scala/Main.scala. Using presentation compiler with project's scala-library version: 3.3.5[0m
2025.05.02 13:29:47 INFO  no build target found for /home/marko/Documents/GitHub/used-cars-data-analytics/spark/scripts/analyzevehiclepricedistribution/src/main/scala/Main.scala. Using presentation compiler with project's scala-library version: 3.3.5[0m
2025.05.02 13:29:46 INFO  no build target found for /home/marko/Documents/GitHub/used-cars-data-analytics/spark/scripts/analyzevehiclepricedistribution/src/main/scala/Main.scala. Using presentation compiler with project's scala-library version: 3.3.5[0m
2025.05.02 13:29:46 INFO  no build target found for /home/marko/Documents/GitHub/used-cars-data-analytics/spark/scripts/analyzevehiclepricedistribution/src/main/scala/Main.scala. Using presentation compiler with project's scala-library version: 3.3.5[0m
2025.05.02 13:29:46 INFO  no build target found for /home/marko/Documents/GitHub/used-cars-data-analytics/spark/scripts/analyzevehiclepricedistribution/src/main/scala/Main.scala. Using presentation compiler with project's scala-library version: 3.3.5[0m
2025.05.02 13:29:48 INFO  no build target found for /home/marko/Documents/GitHub/used-cars-data-analytics/spark/scripts/analyzevehiclepricedistribution/src/main/scala/Main.scala. Using presentation compiler with project's scala-library version: 3.3.5[0m
